[1031/200436.907:ERROR:directory_reader_win.cc(43)] FindFirstFile: The system cannot find the path specified. (0x3)
[1103/224918.206:ERROR:directory_reader_win.cc(43)] FindFirstFile: The system cannot find the path specified. (0x3)
[1104/184051.345:ERROR:directory_reader_win.cc(43)] FindFirstFile: The system cannot find the path specified. (0x3)
[1105/115948.817:ERROR:process_memory_win.cc(73)] ReadMemory at 0x7ff7c4240000 of 64 bytes failed: Only part of a ReadProcessMemory or WriteProcessMemory request was completed. (0x12B)
[1105/115948.960:WARNING:pe_image_reader.cc(340)] could not read dos header from C:\Program Files (x86)\Google\Chrome\Application\chrome.exe
[1105/115948.960:ERROR:process_memory_win.cc(73)] ReadMemory at 0x7ffd28ba0000 of 64 bytes failed: Only part of a ReadProcessMemory or WriteProcessMemory request was completed. (0x12B)
[1105/115948.968:WARNING:pe_image_reader.cc(340)] could not read dos header from C:\WINDOWS\SYSTEM32\ntdll.dll
[1105/115948.968:ERROR:process_memory_win.cc(73)] ReadMemory at 0x7ffd27030000 of 64 bytes failed: Only part of a ReadProcessMemory or WriteProcessMemory request was completed. (0x12B)
[1105/115948.968:WARNING:pe_image_reader.cc(340)] could not read dos header from C:\WINDOWS\System32\KERNEL32.DLL
[1105/115948.968:ERROR:process_memory_win.cc(73)] ReadMemory at 0x7ffd25ca0000 of 64 bytes failed: Only part of a ReadProcessMemory or WriteProcessMemory request was completed. (0x12B)
[1105/115948.968:WARNING:pe_image_reader.cc(340)] could not read dos header from C:\WINDOWS\System32\KERNELBASE.dll
[1105/115948.969:ERROR:process_memory_win.cc(73)] ReadMemory at 0x7ffd02410000 of 64 bytes failed: Only part of a ReadProcessMemory or WriteProcessMemory request was completed. (0x12B)
[1105/115948.969:WARNING:pe_image_reader.cc(340)] could not read dos header from C:\Program Files (x86)\Google\Chrome\Application\86.0.4240.111\chrome_elf.dll
[1105/115948.969:ERROR:process_memory_win.cc(73)] ReadMemory at 0x7ffd23480000 of 64 bytes failed: Only part of a ReadProcessMemory or WriteProcessMemory request was completed. (0x12B)
[1105/115948.969:WARNING:pe_image_reader.cc(340)] could not read dos header from C:\WINDOWS\SYSTEM32\VERSION.dll
[1105/115948.969:ERROR:process_memory_win.cc(73)] ReadMemory at 0x7ffd27cc0000 of 64 bytes failed: Only part of a ReadProcessMemory or WriteProcessMemory request was completed. (0x12B)
[1105/115948.969:WARNING:pe_image_reader.cc(340)] could not read dos header from C:\WINDOWS\System32\msvcrt.dll
[1105/115948.969:ERROR:process_memory_win.cc(73)] ReadMemory at 0x7ffd26a00000 of 64 bytes failed: Only part of a ReadProcessMemory or WriteProcessMemory request was completed. (0x12B)
[1105/115948.969:WARNING:pe_image_reader.cc(340)] could not read dos header from C:\WINDOWS\System32\bcryptPrimitives.dll
[1105/115948.969:ERROR:process_memory_win.cc(73)] ReadMemory at 0x2c429760000 of 64 bytes failed: Only part of a ReadProcessMemory or WriteProcessMemory request was completed. (0x12B)
[1105/115948.969:WARNING:pe_image_reader.cc(340)] could not read dos header from C:\WINDOWS\System32\ADVAPI32.dll
[1105/115948.969:ERROR:process_memory_win.cc(73)] ReadMemory at 0x7ffd27f30000 of 64 bytes failed: Only part of a ReadProcessMemory or WriteProcessMemory request was completed. (0x12B)
[1105/115948.969:WARNING:pe_image_reader.cc(340)] could not read dos header from C:\WINDOWS\System32\sechost.dll
[1105/115948.969:ERROR:process_memory_win.cc(73)] ReadMemory at 0x7ffd26f10000 of 64 bytes failed: Only part of a ReadProcessMemory or WriteProcessMemory request was completed. (0x12B)
[1105/115948.969:WARNING:pe_image_reader.cc(340)] could not read dos header from C:\WINDOWS\System32\RPCRT4.dll
[1105/115948.969:ERROR:process_memory_win.cc(73)] ReadMemory at 0x7ffcd5480000 of 64 bytes failed: Only part of a ReadProcessMemory or WriteProcessMemory request was completed. (0x12B)
[1105/115948.969:WARNING:pe_image_reader.cc(340)] could not read dos header from C:\Program Files (x86)\Google\Chrome\Application\86.0.4240.111\chrome.dll
[1105/115948.969:ERROR:process_memory_win.cc(73)] ReadMemory at 0x7ffd27ec0000 of 64 bytes failed: Only part of a ReadProcessMemory or WriteProcessMemory request was completed. (0x12B)
[1105/115948.969:WARNING:pe_image_reader.cc(340)] could not read dos header from C:\WINDOWS\System32\WS2_32.dll
[1105/115948.969:ERROR:process_memory_win.cc(73)] ReadMemory at 0x7ffd26c80000 of 64 bytes failed: Only part of a ReadProcessMemory or WriteProcessMemory request was completed. (0x12B)
[1105/115948.969:WARNING:pe_image_reader.cc(340)] could not read dos header from C:\WINDOWS\System32\OLEAUT32.dll
[1105/115948.969:ERROR:process_memory_win.cc(73)] ReadMemory at 0x7ffd26730000 of 64 bytes failed: Only part of a ReadProcessMemory or WriteProcessMemory request was completed. (0x12B)
[1105/115948.969:WARNING:pe_image_reader.cc(340)] could not read dos header from C:\WINDOWS\System32\msvcp_win.dll
[1105/115948.969:ERROR:process_memory_win.cc(73)] ReadMemory at 0x7ffd26ad0000 of 64 bytes failed: Only part of a ReadProcessMemory or WriteProcessMemory request was completed. (0x12B)
[1105/115948.969:WARNING:pe_image_reader.cc(340)] could not read dos header from C:\WINDOWS\System32\ucrtbase.dll
[1105/115948.969:ERROR:process_memory_win.cc(73)] ReadMemory at 0x7ffd271b0000 of 64 bytes failed: Only part of a ReadProcessMemory or WriteProcessMemory request was completed. (0x12B)
[1105/115948.969:WARNING:pe_image_reader.cc(340)] could not read dos header from C:\WINDOWS\System32\combase.dll
[1105/115948.969:ERROR:process_memory_win.cc(73)] ReadMemory at 0x7ffd266d0000 of 64 bytes failed: Only part of a ReadProcessMemory or WriteProcessMemory request was completed. (0x12B)
[1105/115948.969:WARNING:pe_image_reader.cc(340)] could not read dos header from C:\WINDOWS\System32\WINTRUST.dll
[1105/115948.969:ERROR:process_memory_win.cc(73)] ReadMemory at 0x7ffd25ae0000 of 64 bytes failed: Only part of a ReadProcessMemory or WriteProcessMemory request was completed. (0x12B)
[1105/115948.969:WARNING:pe_image_reader.cc(340)] could not read dos header from C:\WINDOWS\System32\MSASN1.dll
[1105/115948.969:ERROR:process_memory_win.cc(73)] ReadMemory at 0x7ffd268b0000 of 64 bytes failed: Only part of a ReadProcessMemory or WriteProcessMemory request was completed. (0x12B)
[1105/115948.969:WARNING:pe_image_reader.cc(340)] could not read dos header from C:\WINDOWS\System32\CRYPT32.dll
[1105/115948.969:ERROR:process_memory_win.cc(73)] ReadMemory at 0x7ffd11200000 of 64 bytes failed: Only part of a ReadProcessMemory or WriteProcessMemory request was completed. (0x12B)
[1105/115948.969:WARNING:pe_image_reader.cc(340)] could not read dos header from C:\WINDOWS\SYSTEM32\dbghelp.dll
[1105/115948.969:ERROR:process_memory_win.cc(73)] ReadMemory at 0x7ffd24f60000 of 64 bytes failed: Only part of a ReadProcessMemory or WriteProcessMemory request was completed. (0x12B)
[1105/115948.969:WARNING:pe_image_reader.cc(340)] could not read dos header from C:\WINDOWS\SYSTEM32\IPHLPAPI.DLL
[1105/115948.970:ERROR:process_memory_win.cc(73)] ReadMemory at 0x7ffd23ac0000 of 64 bytes failed: Only part of a ReadProcessMemory or WriteProcessMemory request was completed. (0x12B)
[1105/115948.970:WARNING:pe_image_reader.cc(340)] could not read dos header from C:\WINDOWS\SYSTEM32\WINMM.dll
[1105/115948.970:ERROR:process_memory_win.cc(73)] ReadMemory at 0x7ffd08ab0000 of 64 bytes failed: Only part of a ReadProcessMemory or WriteProcessMemory request was completed. (0x12B)
[1105/115948.970:WARNING:pe_image_reader.cc(340)] could not read dos header from C:\WINDOWS\SYSTEM32\UIAutomationCore.DLL
[1105/115948.970:ERROR:process_memory_win.cc(73)] ReadMemory at 0x7ffd1bd40000 of 64 bytes failed: Only part of a ReadProcessMemory or WriteProcessMemory request was completed. (0x12B)
[1105/115948.970:WARNING:pe_image_reader.cc(340)] could not read dos header from C:\WINDOWS\SYSTEM32\Secur32.dll
[1105/115948.970:ERROR:process_memory_win.cc(73)] ReadMemory at 0x7ffd25960000 of 64 bytes failed: Only part of a ReadProcessMemory or WriteProcessMemory request was completed. (0x12B)
[1105/115948.970:WARNING:pe_image_reader.cc(340)] could not read dos header from C:\WINDOWS\SYSTEM32\USERENV.dll
[1105/115948.970:ERROR:process_memory_win.cc(73)] ReadMemory at 0x7ffd25ac0000 of 64 bytes failed: Only part of a ReadProcessMemory or WriteProcessMemory request was completed. (0x12B)
[1105/115948.970:WARNING:pe_image_reader.cc(340)] could not read dos header from C:\WINDOWS\System32\profapi.dll
[1105/115948.970:ERROR:process_memory_win.cc(73)] ReadMemory at 0x7ffd0f810000 of 64 bytes failed: Only part of a ReadProcessMemory or WriteProcessMemory request was completed. (0x12B)
[1105/115948.970:WARNING:pe_image_reader.cc(340)] could not read dos header from C:\WINDOWS\SYSTEM32\DWrite.dll
[1105/115948.970:ERROR:process_memory_win.cc(73)] ReadMemory at 0x7ffd1daa0000 of 64 bytes failed: Only part of a ReadProcessMemory or WriteProcessMemory request was completed. (0x12B)
[1105/115948.970:WARNING:pe_image_reader.cc(340)] could not read dos header from C:\WINDOWS\SYSTEM32\WINSPOOL.DRV
[1105/115948.970:ERROR:process_memory_win.cc(73)] ReadMemory at 0x7ffd25a50000 of 64 bytes failed: Only part of a ReadProcessMemory or WriteProcessMemory request was completed. (0x12B)
[1105/115948.970:WARNING:pe_image_reader.cc(340)] could not read dos header from C:\WINDOWS\System32\kernel.appcore.dll
[1105/115948.970:ERROR:process_memory_win.cc(73)] ReadMemory at 0x7ffd26a80000 of 64 bytes failed: Only part of a ReadProcessMemory or WriteProcessMemory request was completed. (0x12B)
[1105/115948.970:WARNING:pe_image_reader.cc(340)] could not read dos header from C:\WINDOWS\System32\bcrypt.dll
[1105/115948.970:ERROR:process_memory_win.cc(73)] ReadMemory at 0x7ffd20d00000 of 64 bytes failed: Only part of a ReadProcessMemory or WriteProcessMemory request was completed. (0x12B)
[1105/115948.970:WARNING:pe_image_reader.cc(340)] could not read dos header from C:\WINDOWS\SYSTEM32\WINHTTP.dll
[1105/115948.970:ERROR:process_memory_win.cc(73)] ReadMemory at 0x7ffd1cc90000 of 64 bytes failed: Only part of a ReadProcessMemory or WriteProcessMemory request was completed. (0x12B)
[1105/115948.970:WARNING:pe_image_reader.cc(340)] could not read dos header from C:\WINDOWS\SYSTEM32\dhcpcsvc.DLL
[1105/115948.970:ERROR:process_memory_win.cc(73)] ReadMemory at 0x7ffd271a0000 of 64 bytes failed: Only part of a ReadProcessMemory or WriteProcessMemory request was completed. (0x12B)
[1105/115948.970:WARNING:pe_image_reader.cc(340)] could not read dos header from C:\WINDOWS\System32\NSI.dll
[1105/115948.970:ERROR:process_memory_win.cc(73)] ReadMemory at 0x7ffd23440000 of 64 bytes failed: Only part of a ReadProcessMemory or WriteProcessMemory request was completed. (0x12B)
[1105/115948.970:WARNING:pe_image_reader.cc(340)] could not read dos header from C:\WINDOWS\SYSTEM32\WINMMBASE.dll
[1105/115948.970:ERROR:process_memory_win.cc(73)] ReadMemory at 0x7ffd26bd0000 of 64 bytes failed: Only part of a ReadProcessMemory or WriteProcessMemory request was completed. (0x12B)
[1105/115948.970:WARNING:pe_image_reader.cc(340)] could not read dos header from C:\WINDOWS\System32\cfgmgr32.dll
[1105/115948.970:ERROR:process_memory_win.cc(73)] ReadMemory at 0x7ffd21d90000 of 64 bytes failed: Only part of a ReadProcessMemory or WriteProcessMemory request was completed. (0x12B)
[1105/115948.970:WARNING:pe_image_reader.cc(340)] could not read dos header from C:\WINDOWS\SYSTEM32\PROPSYS.dll
[1105/115948.970:ERROR:process_memory_win.cc(73)] ReadMemory at 0x7ffd27d60000 of 64 bytes failed: Only part of a ReadProcessMemory or WriteProcessMemory request was completed. (0x12B)
[1105/115948.970:WARNING:pe_image_reader.cc(340)] could not read dos header from C:\WINDOWS\System32\shcore.dll
[1105/115948.970:ERROR:process_memory_win.cc(73)] ReadMemory at 0x7ffd25930000 of 64 bytes failed: Only part of a ReadProcessMemory or WriteProcessMemory request was completed. (0x12B)
[1105/115948.970:WARNING:pe_image_reader.cc(340)] could not read dos header from C:\WINDOWS\SYSTEM32\SSPICLI.DLL
[1105/115948.970:ERROR:process_memory_win.cc(73)] ReadMemory at 0x7ffd25420000 of 64 bytes failed: Only part of a ReadProcessMemory or WriteProcessMemory request was completed. (0x12B)
[1105/115948.970:WARNING:pe_image_reader.cc(340)] could not read dos header from C:\WINDOWS\SYSTEM32\CRYPTBASE.DLL
[1105/115949.115:ERROR:process_memory_win.cc(73)] ReadMemory at 0x7ff7c4240000 of 64 bytes failed: Only part of a ReadProcessMemory or WriteProcessMemory request was completed. (0x12B)
[1105/115949.115:WARNING:pe_image_reader.cc(340)] could not read dos header from C:\Program Files (x86)\Google\Chrome\Application\chrome.exe
[1105/115949.115:ERROR:process_memory_win.cc(73)] ReadMemory at 0x7ffd28ba0000 of 64 bytes failed: Only part of a ReadProcessMemory or WriteProcessMemory request was completed. (0x12B)
[1105/115949.115:WARNING:pe_image_reader.cc(340)] could not read dos header from C:\WINDOWS\SYSTEM32\ntdll.dll
[1105/115949.115:ERROR:process_memory_win.cc(73)] ReadMemory at 0x7ffd27030000 of 64 bytes failed: Only part of a ReadProcessMemory or WriteProcessMemory request was completed. (0x12B)
[1105/115949.115:WARNING:pe_image_reader.cc(340)] could not read dos header from C:\WINDOWS\System32\KERNEL32.DLL
[1105/115949.115:ERROR:process_memory_win.cc(73)] ReadMemory at 0x7ffd25ca0000 of 64 bytes failed: Only part of a ReadProcessMemory or WriteProcessMemory request was completed. (0x12B)
[1105/115949.115:WARNING:pe_image_reader.cc(340)] could not read dos header from C:\WINDOWS\System32\KERNELBASE.dll
[1105/115949.115:ERROR:process_memory_win.cc(73)] ReadMemory at 0x7ffd02410000 of 64 bytes failed: Only part of a ReadProcessMemory or WriteProcessMemory request was completed. (0x12B)
[1105/115949.115:WARNING:pe_image_reader.cc(340)] could not read dos header from C:\Program Files (x86)\Google\Chrome\Application\86.0.4240.111\chrome_elf.dll
[1105/115949.115:ERROR:process_memory_win.cc(73)] ReadMemory at 0x7ffd23480000 of 64 bytes failed: Only part of a ReadProcessMemory or WriteProcessMemory request was completed. (0x12B)
[1105/115949.115:WARNING:pe_image_reader.cc(340)] could not read dos header from C:\WINDOWS\SYSTEM32\VERSION.dll
[1105/115949.115:ERROR:process_memory_win.cc(73)] ReadMemory at 0x7ffd27cc0000 of 64 bytes failed: Only part of a ReadProcessMemory or WriteProcessMemory request was completed. (0x12B)
[1105/115949.115:WARNING:pe_image_reader.cc(340)] could not read dos header from C:\WINDOWS\System32\msvcrt.dll
[1105/115949.115:ERROR:process_memory_win.cc(73)] ReadMemory at 0x7ffd26a00000 of 64 bytes failed: Only part of a ReadProcessMemory or WriteProcessMemory request was completed. (0x12B)
[1105/115949.115:WARNING:pe_image_reader.cc(340)] could not read dos header from C:\WINDOWS\System32\bcryptPrimitives.dll
[1105/115949.115:ERROR:process_memory_win.cc(73)] ReadMemory at 0x2c429760000 of 64 bytes failed: Only part of a ReadProcessMemory or WriteProcessMemory request was completed. (0x12B)
[1105/115949.115:WARNING:pe_image_reader.cc(340)] could not read dos header from C:\WINDOWS\System32\ADVAPI32.dll
[1105/115949.115:ERROR:process_memory_win.cc(73)] ReadMemory at 0x7ffd27f30000 of 64 bytes failed: Only part of a ReadProcessMemory or WriteProcessMemory request was completed. (0x12B)
[1105/115949.115:WARNING:pe_image_reader.cc(340)] could not read dos header from C:\WINDOWS\System32\sechost.dll
[1105/115949.115:ERROR:process_memory_win.cc(73)] ReadMemory at 0x7ffd26f10000 of 64 bytes failed: Only part of a ReadProcessMemory or WriteProcessMemory request was completed. (0x12B)
[1105/115949.115:WARNING:pe_image_reader.cc(340)] could not read dos header from C:\WINDOWS\System32\RPCRT4.dll
[1105/115949.115:ERROR:process_memory_win.cc(73)] ReadMemory at 0x7ffcd5480000 of 64 bytes failed: Only part of a ReadProcessMemory or WriteProcessMemory request was completed. (0x12B)
[1105/115949.115:WARNING:pe_image_reader.cc(340)] could not read dos header from C:\Program Files (x86)\Google\Chrome\Application\86.0.4240.111\chrome.dll
[1105/115949.115:ERROR:process_memory_win.cc(73)] ReadMemory at 0x7ffd27ec0000 of 64 bytes failed: Only part of a ReadProcessMemory or WriteProcessMemory request was completed. (0x12B)
[1105/115949.115:WARNING:pe_image_reader.cc(340)] could not read dos header from C:\WINDOWS\System32\WS2_32.dll
[1105/115949.115:ERROR:process_memory_win.cc(73)] ReadMemory at 0x7ffd26c80000 of 64 bytes failed: Only part of a ReadProcessMemory or WriteProcessMemory request was completed. (0x12B)
[1105/115949.115:WARNING:pe_image_reader.cc(340)] could not read dos header from C:\WINDOWS\System32\OLEAUT32.dll
[1105/115949.115:ERROR:process_memory_win.cc(73)] ReadMemory at 0x7ffd26730000 of 64 bytes failed: Only part of a ReadProcessMemory or WriteProcessMemory request was completed. (0x12B)
[1105/115949.115:WARNING:pe_image_reader.cc(340)] could not read dos header from C:\WINDOWS\System32\msvcp_win.dll
[1105/115949.115:ERROR:process_memory_win.cc(73)] ReadMemory at 0x7ffd26ad0000 of 64 bytes failed: Only part of a ReadProcessMemory or WriteProcessMemory request was completed. (0x12B)
[1105/115949.115:WARNING:pe_image_reader.cc(340)] could not read dos header from C:\WINDOWS\System32\ucrtbase.dll
[1105/115949.115:ERROR:process_memory_win.cc(73)] ReadMemory at 0x7ffd271b0000 of 64 bytes failed: Only part of a ReadProcessMemory or WriteProcessMemory request was completed. (0x12B)
[1105/115949.115:WARNING:pe_image_reader.cc(340)] could not read dos header from C:\WINDOWS\System32\combase.dll
[1105/115949.115:ERROR:process_memory_win.cc(73)] ReadMemory at 0x7ffd266d0000 of 64 bytes failed: Only part of a ReadProcessMemory or WriteProcessMemory request was completed. (0x12B)
[1105/115949.115:WARNING:pe_image_reader.cc(340)] could not read dos header from C:\WINDOWS\System32\WINTRUST.dll
[1105/115949.115:ERROR:process_memory_win.cc(73)] ReadMemory at 0x7ffd25ae0000 of 64 bytes failed: Only part of a ReadProcessMemory or WriteProcessMemory request was completed. (0x12B)
[1105/115949.115:WARNING:pe_image_reader.cc(340)] could not read dos header from C:\WINDOWS\System32\MSASN1.dll
[1105/115949.115:ERROR:process_memory_win.cc(73)] ReadMemory at 0x7ffd268b0000 of 64 bytes failed: Only part of a ReadProcessMemory or WriteProcessMemory request was completed. (0x12B)
[1105/115949.115:WARNING:pe_image_reader.cc(340)] could not read dos header from C:\WINDOWS\System32\CRYPT32.dll
[1105/115949.115:ERROR:process_memory_win.cc(73)] ReadMemory at 0x7ffd11200000 of 64 bytes failed: Only part of a ReadProcessMemory or WriteProcessMemory request was completed. (0x12B)
[1105/115949.115:WARNING:pe_image_reader.cc(340)] could not read dos header from C:\WINDOWS\SYSTEM32\dbghelp.dll
[1105/115949.115:ERROR:process_memory_win.cc(73)] ReadMemory at 0x7ffd24f60000 of 64 bytes failed: Only part of a ReadProcessMemory or WriteProcessMemory request was completed. (0x12B)
[1105/115949.115:WARNING:pe_image_reader.cc(340)] could not read dos header from C:\WINDOWS\SYSTEM32\IPHLPAPI.DLL
[1105/115949.115:ERROR:process_memory_win.cc(73)] ReadMemory at 0x7ffd23ac0000 of 64 bytes failed: Only part of a ReadProcessMemory or WriteProcessMemory request was completed. (0x12B)
[1105/115949.115:WARNING:pe_image_reader.cc(340)] could not read dos header from C:\WINDOWS\SYSTEM32\WINMM.dll
[1105/115949.115:ERROR:process_memory_win.cc(73)] ReadMemory at 0x7ffd08ab0000 of 64 bytes failed: Only part of a ReadProcessMemory or WriteProcessMemory request was completed. (0x12B)
[1105/115949.115:WARNING:pe_image_reader.cc(340)] could not read dos header from C:\WINDOWS\SYSTEM32\UIAutomationCore.DLL
[1105/115949.115:ERROR:process_memory_win.cc(73)] ReadMemory at 0x7ffd1bd40000 of 64 bytes failed: Only part of a ReadProcessMemory or WriteProcessMemory request was completed. (0x12B)
[1105/115949.115:WARNING:pe_image_reader.cc(340)] could not read dos header from C:\WINDOWS\SYSTEM32\Secur32.dll
[1105/115949.115:ERROR:process_memory_win.cc(73)] ReadMemory at 0x7ffd25960000 of 64 bytes failed: Only part of a ReadProcessMemory or WriteProcessMemory request was completed. (0x12B)
[1105/115949.115:WARNING:pe_image_reader.cc(340)] could not read dos header from C:\WINDOWS\SYSTEM32\USERENV.dll
[1105/115949.115:ERROR:process_memory_win.cc(73)] ReadMemory at 0x7ffd25ac0000 of 64 bytes failed: Only part of a ReadProcessMemory or WriteProcessMemory request was completed. (0x12B)
[1105/115949.115:WARNING:pe_image_reader.cc(340)] could not read dos header from C:\WINDOWS\System32\profapi.dll
[1105/115949.686:ERROR:process_memory_win.cc(73)] ReadMemory at 0x7ffd0f810000 of 64 bytes failed: Only part of a ReadProcessMemory or WriteProcessMemory request was completed. (0x12B)
[1105/115949.686:WARNING:pe_image_reader.cc(340)] could not read dos header from C:\WINDOWS\SYSTEM32\DWrite.dll
[1105/115949.686:ERROR:process_memory_win.cc(73)] ReadMemory at 0x7ffd1daa0000 of 64 bytes failed: Only part of a ReadProcessMemory or WriteProcessMemory request was completed. (0x12B)
[1105/115949.686:WARNING:pe_image_reader.cc(340)] could not read dos header from C:\WINDOWS\SYSTEM32\WINSPOOL.DRV
[1105/115949.686:ERROR:process_memory_win.cc(73)] ReadMemory at 0x7ffd25a50000 of 64 bytes failed: Only part of a ReadProcessMemory or WriteProcessMemory request was completed. (0x12B)
[1105/115949.686:WARNING:pe_image_reader.cc(340)] could not read dos header from C:\WINDOWS\System32\kernel.appcore.dll
[1105/115949.686:ERROR:process_memory_win.cc(73)] ReadMemory at 0x7ffd26a80000 of 64 bytes failed: Only part of a ReadProcessMemory or WriteProcessMemory request was completed. (0x12B)
[1105/115949.686:WARNING:pe_image_reader.cc(340)] could not read dos header from C:\WINDOWS\System32\bcrypt.dll
[1105/115949.686:ERROR:process_memory_win.cc(73)] ReadMemory at 0x7ffd20d00000 of 64 bytes failed: Only part of a ReadProcessMemory or WriteProcessMemory request was completed. (0x12B)
[1105/115949.686:WARNING:pe_image_reader.cc(340)] could not read dos header from C:\WINDOWS\SYSTEM32\WINHTTP.dll
[1105/115949.686:ERROR:process_memory_win.cc(73)] ReadMemory at 0x7ffd1cc90000 of 64 bytes failed: Only part of a ReadProcessMemory or WriteProcessMemory request was completed. (0x12B)
[1105/115949.686:WARNING:pe_image_reader.cc(340)] could not read dos header from C:\WINDOWS\SYSTEM32\dhcpcsvc.DLL
[1105/115949.686:ERROR:process_memory_win.cc(73)] ReadMemory at 0x7ffd271a0000 of 64 bytes failed: Only part of a ReadProcessMemory or WriteProcessMemory request was completed. (0x12B)
[1105/115949.686:WARNING:pe_image_reader.cc(340)] could not read dos header from C:\WINDOWS\System32\NSI.dll
[1105/115949.686:ERROR:process_memory_win.cc(73)] ReadMemory at 0x7ffd23440000 of 64 bytes failed: Only part of a ReadProcessMemory or WriteProcessMemory request was completed. (0x12B)
[1105/115949.686:WARNING:pe_image_reader.cc(340)] could not read dos header from C:\WINDOWS\SYSTEM32\WINMMBASE.dll
[1105/115949.686:ERROR:process_memory_win.cc(73)] ReadMemory at 0x7ffd26bd0000 of 64 bytes failed: Only part of a ReadProcessMemory or WriteProcessMemory request was completed. (0x12B)
[1105/115949.686:WARNING:pe_image_reader.cc(340)] could not read dos header from C:\WINDOWS\System32\cfgmgr32.dll
[1105/115949.686:ERROR:process_memory_win.cc(73)] ReadMemory at 0x7ffd21d90000 of 64 bytes failed: Only part of a ReadProcessMemory or WriteProcessMemory request was completed. (0x12B)
[1105/115949.686:WARNING:pe_image_reader.cc(340)] could not read dos header from C:\WINDOWS\SYSTEM32\PROPSYS.dll
[1105/115949.686:ERROR:process_memory_win.cc(73)] ReadMemory at 0x7ffd27d60000 of 64 bytes failed: Only part of a ReadProcessMemory or WriteProcessMemory request was completed. (0x12B)
[1105/115949.686:WARNING:pe_image_reader.cc(340)] could not read dos header from C:\WINDOWS\System32\shcore.dll
[1105/115949.686:ERROR:process_memory_win.cc(73)] ReadMemory at 0x7ffd25930000 of 64 bytes failed: Only part of a ReadProcessMemory or WriteProcessMemory request was completed. (0x12B)
[1105/115949.686:WARNING:pe_image_reader.cc(340)] could not read dos header from C:\WINDOWS\SYSTEM32\SSPICLI.DLL
[1105/115949.686:ERROR:process_memory_win.cc(73)] ReadMemory at 0x7ffd25420000 of 64 bytes failed: Only part of a ReadProcessMemory or WriteProcessMemory request was completed. (0x12B)
[1105/115949.686:WARNING:pe_image_reader.cc(340)] could not read dos header from C:\WINDOWS\SYSTEM32\CRYPTBASE.DLL
[1105/115949.686:ERROR:process_memory_win.cc(73)] ReadMemory at 0x7ff7c4240000 of 64 bytes failed: Only part of a ReadProcessMemory or WriteProcessMemory request was completed. (0x12B)
[1105/115949.686:WARNING:pe_image_reader.cc(340)] could not read dos header from C:\Program Files (x86)\Google\Chrome\Application\chrome.exe
[1105/115949.686:ERROR:process_memory_win.cc(73)] ReadMemory at 0x7ffd28ba0000 of 64 bytes failed: Only part of a ReadProcessMemory or WriteProcessMemory request was completed. (0x12B)
[1105/115949.686:WARNING:pe_image_reader.cc(340)] could not read dos header from C:\WINDOWS\SYSTEM32\ntdll.dll
[1105/115949.686:ERROR:process_memory_win.cc(73)] ReadMemory at 0x7ffd27030000 of 64 bytes failed: Only part of a ReadProcessMemory or WriteProcessMemory request was completed. (0x12B)
[1105/115949.686:WARNING:pe_image_reader.cc(340)] could not read dos header from C:\WINDOWS\System32\KERNEL32.DLL
[1105/115949.686:ERROR:process_memory_win.cc(73)] ReadMemory at 0x7ffd25ca0000 of 64 bytes failed: Only part of a ReadProcessMemory or WriteProcessMemory request was completed. (0x12B)
[1105/115949.686:WARNING:pe_image_reader.cc(340)] could not read dos header from C:\WINDOWS\System32\KERNELBASE.dll
[1105/115949.686:ERROR:process_memory_win.cc(73)] ReadMemory at 0x7ffd02410000 of 64 bytes failed: Only part of a ReadProcessMemory or WriteProcessMemory request was completed. (0x12B)
[1105/115949.686:WARNING:pe_image_reader.cc(340)] could not read dos header from C:\Program Files (x86)\Google\Chrome\Application\86.0.4240.111\chrome_elf.dll
[1105/115949.686:ERROR:process_memory_win.cc(73)] ReadMemory at 0x7ffd23480000 of 64 bytes failed: Only part of a ReadProcessMemory or WriteProcessMemory request was completed. (0x12B)
[1105/115949.686:WARNING:pe_image_reader.cc(340)] could not read dos header from C:\WINDOWS\SYSTEM32\VERSION.dll
[1105/115949.686:ERROR:process_memory_win.cc(73)] ReadMemory at 0x7ffd27cc0000 of 64 bytes failed: Only part of a ReadProcessMemory or WriteProcessMemory request was completed. (0x12B)
[1105/115949.686:WARNING:pe_image_reader.cc(340)] could not read dos header from C:\WINDOWS\System32\msvcrt.dll
[1105/115949.686:ERROR:process_memory_win.cc(73)] ReadMemory at 0x7ffd26a00000 of 64 bytes failed: Only part of a ReadProcessMemory or WriteProcessMemory request was completed. (0x12B)
[1105/115949.686:WARNING:pe_image_reader.cc(340)] could not read dos header from C:\WINDOWS\System32\bcryptPrimitives.dll
[1105/115949.686:ERROR:process_memory_win.cc(73)] ReadMemory at 0x2c429760000 of 64 bytes failed: Only part of a ReadProcessMemory or WriteProcessMemory request was completed. (0x12B)
[1105/115949.686:WARNING:pe_image_reader.cc(340)] could not read dos header from C:\WINDOWS\System32\ADVAPI32.dll
[1105/115949.686:ERROR:process_memory_win.cc(73)] ReadMemory at 0x7ffd27f30000 of 64 bytes failed: Only part of a ReadProcessMemory or WriteProcessMemory request was completed. (0x12B)
[1105/115949.686:WARNING:pe_image_reader.cc(340)] could not read dos header from C:\WINDOWS\System32\sechost.dll
[1105/115949.686:ERROR:process_memory_win.cc(73)] ReadMemory at 0x7ffd26f10000 of 64 bytes failed: Only part of a ReadProcessMemory or WriteProcessMemory request was completed. (0x12B)
[1105/115949.686:WARNING:pe_image_reader.cc(340)] could not read dos header from C:\WINDOWS\System32\RPCRT4.dll
[1105/115949.686:ERROR:process_memory_win.cc(73)] ReadMemory at 0x7ffcd5480000 of 64 bytes failed: Only part of a ReadProcessMemory or WriteProcessMemory request was completed. (0x12B)
[1105/115949.686:WARNING:pe_image_reader.cc(340)] could not read dos header from C:\Program Files (x86)\Google\Chrome\Application\86.0.4240.111\chrome.dll
[1105/115949.686:ERROR:process_memory_win.cc(73)] ReadMemory at 0x7ffd27ec0000 of 64 bytes failed: Only part of a ReadProcessMemory or WriteProcessMemory request was completed. (0x12B)
[1105/115949.686:WARNING:pe_image_reader.cc(340)] could not read dos header from C:\WINDOWS\System32\WS2_32.dll
[1105/115949.687:ERROR:process_memory_win.cc(73)] ReadMemory at 0x7ffd26c80000 of 64 bytes failed: Only part of a ReadProcessMemory or WriteProcessMemory request was completed. (0x12B)
[1105/115949.687:WARNING:pe_image_reader.cc(340)] could not read dos header from C:\WINDOWS\System32\OLEAUT32.dll
[1105/115949.687:ERROR:process_memory_win.cc(73)] ReadMemory at 0x7ffd26730000 of 64 bytes failed: Only part of a ReadProcessMemory or WriteProcessMemory request was completed. (0x12B)
[1105/115949.687:WARNING:pe_image_reader.cc(340)] could not read dos header from C:\WINDOWS\System32\msvcp_win.dll
[1105/115949.687:ERROR:process_memory_win.cc(73)] ReadMemory at 0x7ffd26ad0000 of 64 bytes failed: Only part of a ReadProcessMemory or WriteProcessMemory request was completed. (0x12B)
[1105/115949.687:WARNING:pe_image_reader.cc(340)] could not read dos header from C:\WINDOWS\System32\ucrtbase.dll
[1105/115949.687:ERROR:process_memory_win.cc(73)] ReadMemory at 0x7ffd271b0000 of 64 bytes failed: Only part of a ReadProcessMemory or WriteProcessMemory request was completed. (0x12B)
[1105/115949.687:WARNING:pe_image_reader.cc(340)] could not read dos header from C:\WINDOWS\System32\combase.dll
[1105/115949.687:ERROR:process_memory_win.cc(73)] ReadMemory at 0x7ffd266d0000 of 64 bytes failed: Only part of a ReadProcessMemory or WriteProcessMemory request was completed. (0x12B)
[1105/115949.687:WARNING:pe_image_reader.cc(340)] could not read dos header from C:\WINDOWS\System32\WINTRUST.dll
[1105/115949.687:ERROR:process_memory_win.cc(73)] ReadMemory at 0x7ffd25ae0000 of 64 bytes failed: Only part of a ReadProcessMemory or WriteProcessMemory request was completed. (0x12B)
[1105/115949.687:WARNING:pe_image_reader.cc(340)] could not read dos header from C:\WINDOWS\System32\MSASN1.dll
[1105/115949.687:ERROR:process_memory_win.cc(73)] ReadMemory at 0x7ffd268b0000 of 64 bytes failed: Only part of a ReadProcessMemory or WriteProcessMemory request was completed. (0x12B)
[1105/115949.687:WARNING:pe_image_reader.cc(340)] could not read dos header from C:\WINDOWS\System32\CRYPT32.dll
[1105/115949.687:ERROR:process_memory_win.cc(73)] ReadMemory at 0x7ffd11200000 of 64 bytes failed: Only part of a ReadProcessMemory or WriteProcessMemory request was completed. (0x12B)
[1105/115949.687:WARNING:pe_image_reader.cc(340)] could not read dos header from C:\WINDOWS\SYSTEM32\dbghelp.dll
[1105/115949.687:ERROR:process_memory_win.cc(73)] ReadMemory at 0x7ffd24f60000 of 64 bytes failed: Only part of a ReadProcessMemory or WriteProcessMemory request was completed. (0x12B)
[1105/115949.687:WARNING:pe_image_reader.cc(340)] could not read dos header from C:\WINDOWS\SYSTEM32\IPHLPAPI.DLL
[1105/115949.687:ERROR:process_memory_win.cc(73)] ReadMemory at 0x7ffd23ac0000 of 64 bytes failed: Only part of a ReadProcessMemory or WriteProcessMemory request was completed. (0x12B)
[1105/115949.687:WARNING:pe_image_reader.cc(340)] could not read dos header from C:\WINDOWS\SYSTEM32\WINMM.dll
[1105/115949.687:ERROR:process_memory_win.cc(73)] ReadMemory at 0x7ffd08ab0000 of 64 bytes failed: Only part of a ReadProcessMemory or WriteProcessMemory request was completed. (0x12B)
[1105/115949.687:WARNING:pe_image_reader.cc(340)] could not read dos header from C:\WINDOWS\SYSTEM32\UIAutomationCore.DLL
[1105/115949.687:ERROR:process_memory_win.cc(73)] ReadMemory at 0x7ffd1bd40000 of 64 bytes failed: Only part of a ReadProcessMemory or WriteProcessMemory request was completed. (0x12B)
[1105/115949.687:WARNING:pe_image_reader.cc(340)] could not read dos header from C:\WINDOWS\SYSTEM32\Secur32.dll
[1105/115949.687:ERROR:process_memory_win.cc(73)] ReadMemory at 0x7ffd25960000 of 64 bytes failed: Only part of a ReadProcessMemory or WriteProcessMemory request was completed. (0x12B)
[1105/115949.687:WARNING:pe_image_reader.cc(340)] could not read dos header from C:\WINDOWS\SYSTEM32\USERENV.dll
[1105/115949.687:ERROR:process_memory_win.cc(73)] ReadMemory at 0x7ffd25ac0000 of 64 bytes failed: Only part of a ReadProcessMemory or WriteProcessMemory request was completed. (0x12B)
[1105/115949.687:WARNING:pe_image_reader.cc(340)] could not read dos header from C:\WINDOWS\System32\profapi.dll
[1105/115949.687:ERROR:process_memory_win.cc(73)] ReadMemory at 0x7ffd0f810000 of 64 bytes failed: Only part of a ReadProcessMemory or WriteProcessMemory request was completed. (0x12B)
[1105/115949.687:WARNING:pe_image_reader.cc(340)] could not read dos header from C:\WINDOWS\SYSTEM32\DWrite.dll
[1105/115949.687:ERROR:process_memory_win.cc(73)] ReadMemory at 0x7ffd1daa0000 of 64 bytes failed: Only part of a ReadProcessMemory or WriteProcessMemory request was completed. (0x12B)
[1105/115949.687:WARNING:pe_image_reader.cc(340)] could not read dos header from C:\WINDOWS\SYSTEM32\WINSPOOL.DRV
[1105/115949.687:ERROR:process_memory_win.cc(73)] ReadMemory at 0x7ffd25a50000 of 64 bytes failed: Only part of a ReadProcessMemory or WriteProcessMemory request was completed. (0x12B)
[1105/115949.687:WARNING:pe_image_reader.cc(340)] could not read dos header from C:\WINDOWS\System32\kernel.appcore.dll
[1105/115949.687:ERROR:process_memory_win.cc(73)] ReadMemory at 0x7ffd26a80000 of 64 bytes failed: Only part of a ReadProcessMemory or WriteProcessMemory request was completed. (0x12B)
[1105/115949.687:WARNING:pe_image_reader.cc(340)] could not read dos header from C:\WINDOWS\System32\bcrypt.dll
[1105/115949.688:ERROR:process_memory_win.cc(73)] ReadMemory at 0x7ffd20d00000 of 64 bytes failed: Only part of a ReadProcessMemory or WriteProcessMemory request was completed. (0x12B)
[1105/115949.688:WARNING:pe_image_reader.cc(340)] could not read dos header from C:\WINDOWS\SYSTEM32\WINHTTP.dll
[1105/115949.688:ERROR:process_memory_win.cc(73)] ReadMemory at 0x7ffd1cc90000 of 64 bytes failed: Only part of a ReadProcessMemory or WriteProcessMemory request was completed. (0x12B)
[1105/115949.688:WARNING:pe_image_reader.cc(340)] could not read dos header from C:\WINDOWS\SYSTEM32\dhcpcsvc.DLL
[1105/115949.688:ERROR:process_memory_win.cc(73)] ReadMemory at 0x7ffd271a0000 of 64 bytes failed: Only part of a ReadProcessMemory or WriteProcessMemory request was completed. (0x12B)
[1105/115949.688:WARNING:pe_image_reader.cc(340)] could not read dos header from C:\WINDOWS\System32\NSI.dll
[1105/115949.688:ERROR:process_memory_win.cc(73)] ReadMemory at 0x7ffd23440000 of 64 bytes failed: Only part of a ReadProcessMemory or WriteProcessMemory request was completed. (0x12B)
[1105/115949.688:WARNING:pe_image_reader.cc(340)] could not read dos header from C:\WINDOWS\SYSTEM32\WINMMBASE.dll
[1105/115949.688:ERROR:process_memory_win.cc(73)] ReadMemory at 0x7ffd26bd0000 of 64 bytes failed: Only part of a ReadProcessMemory or WriteProcessMemory request was completed. (0x12B)
[1105/115949.688:WARNING:pe_image_reader.cc(340)] could not read dos header from C:\WINDOWS\System32\cfgmgr32.dll
[1105/115949.688:ERROR:process_memory_win.cc(73)] ReadMemory at 0x7ffd21d90000 of 64 bytes failed: Only part of a ReadProcessMemory or WriteProcessMemory request was completed. (0x12B)
[1105/115949.688:WARNING:pe_image_reader.cc(340)] could not read dos header from C:\WINDOWS\SYSTEM32\PROPSYS.dll
[1105/115949.688:ERROR:process_memory_win.cc(73)] ReadMemory at 0x7ffd27d60000 of 64 bytes failed: Only part of a ReadProcessMemory or WriteProcessMemory request was completed. (0x12B)
[1105/115949.688:WARNING:pe_image_reader.cc(340)] could not read dos header from C:\WINDOWS\System32\shcore.dll
[1105/115949.688:ERROR:process_memory_win.cc(73)] ReadMemory at 0x7ffd25930000 of 64 bytes failed: Only part of a ReadProcessMemory or WriteProcessMemory request was completed. (0x12B)
[1105/115949.688:WARNING:pe_image_reader.cc(340)] could not read dos header from C:\WINDOWS\SYSTEM32\SSPICLI.DLL
[1105/115949.688:ERROR:process_memory_win.cc(73)] ReadMemory at 0x7ffd25420000 of 64 bytes failed: Only part of a ReadProcessMemory or WriteProcessMemory request was completed. (0x12B)
[1105/115949.688:WARNING:pe_image_reader.cc(340)] could not read dos header from C:\WINDOWS\SYSTEM32\CRYPTBASE.DLL
[1105/115949.806:ERROR:process_memory_win.cc(73)] ReadMemory at 0xd773bfc000 of 16384 bytes failed: Only part of a ReadProcessMemory or WriteProcessMemory request was completed. (0x12B)
[1105/115949.807:ERROR:process_memory_win.cc(73)] ReadMemory at 0xd7743fe000 of 8192 bytes failed: Only part of a ReadProcessMemory or WriteProcessMemory request was completed. (0x12B)
[1105/115949.915:ERROR:process_memory_win.cc(73)] ReadMemory at 0xd774bfe000 of 8192 bytes failed: Only part of a ReadProcessMemory or WriteProcessMemory request was completed. (0x12B)
[1105/115949.916:ERROR:process_memory_win.cc(73)] ReadMemory at 0xd7753fd000 of 12288 bytes failed: Only part of a ReadProcessMemory or WriteProcessMemory request was completed. (0x12B)
[1105/115949.916:ERROR:process_memory_win.cc(73)] ReadMemory at 0xd775bfd000 of 12288 bytes failed: Only part of a ReadProcessMemory or WriteProcessMemory request was completed. (0x12B)
[1105/115949.916:ERROR:process_memory_win.cc(73)] ReadMemory at 0xd7763fd000 of 12288 bytes failed: Only part of a ReadProcessMemory or WriteProcessMemory request was completed. (0x12B)
[1105/115949.916:ERROR:process_memory_win.cc(73)] ReadMemory at 0xd776bfe000 of 8192 bytes failed: Only part of a ReadProcessMemory or WriteProcessMemory request was completed. (0x12B)
[1105/115949.916:ERROR:process_memory_win.cc(73)] ReadMemory at 0xd7773fe000 of 8192 bytes failed: Only part of a ReadProcessMemory or WriteProcessMemory request was completed. (0x12B)
[1105/115949.916:ERROR:process_memory_win.cc(73)] ReadMemory at 0xd777bfe000 of 8192 bytes failed: Only part of a ReadProcessMemory or WriteProcessMemory request was completed. (0x12B)
[1105/115949.916:ERROR:process_memory_win.cc(73)] ReadMemory at 0xd7783fe000 of 8192 bytes failed: Only part of a ReadProcessMemory or WriteProcessMemory request was completed. (0x12B)
[1105/115949.916:ERROR:process_memory_win.cc(73)] ReadMemory at 0xd778bfe000 of 8192 bytes failed: Only part of a ReadProcessMemory or WriteProcessMemory request was completed. (0x12B)
[1105/115949.916:ERROR:process_memory_win.cc(73)] ReadMemory at 0xd7793fe000 of 8192 bytes failed: Only part of a ReadProcessMemory or WriteProcessMemory request was completed. (0x12B)
[1105/115949.917:ERROR:process_memory_win.cc(73)] ReadMemory at 0xd779bfe000 of 8192 bytes failed: Only part of a ReadProcessMemory or WriteProcessMemory request was completed. (0x12B)
[1105/115949.917:ERROR:process_memory_win.cc(73)] ReadMemory at 0xd77a3ff000 of 4096 bytes failed: Only part of a ReadProcessMemory or WriteProcessMemory request was completed. (0x12B)
[1105/115949.917:ERROR:process_memory_win.cc(73)] ReadMemory at 0xd7732ac000 of 852 bytes failed: Only part of a ReadProcessMemory or WriteProcessMemory request was completed. (0x12B)
[1105/115949.917:ERROR:process_memory_win.cc(73)] ReadMemory at 0xd7732ad000 of 6024 bytes failed: Only part of a ReadProcessMemory or WriteProcessMemory request was completed. (0x12B)
[1105/115949.917:ERROR:process_memory_win.cc(73)] ReadMemory at 0xd7732af000 of 6024 bytes failed: Only part of a ReadProcessMemory or WriteProcessMemory request was completed. (0x12B)
[1105/115949.917:ERROR:process_memory_win.cc(73)] ReadMemory at 0xd7732b1000 of 6024 bytes failed: Only part of a ReadProcessMemory or WriteProcessMemory request was completed. (0x12B)
[1105/115949.917:ERROR:process_memory_win.cc(73)] ReadMemory at 0xd7732b3000 of 6024 bytes failed: Only part of a ReadProcessMemory or WriteProcessMemory request was completed. (0x12B)
[1105/115949.917:ERROR:process_memory_win.cc(73)] ReadMemory at 0xd7732b5000 of 6024 bytes failed: Only part of a ReadProcessMemory or WriteProcessMemory request was completed. (0x12B)
[1105/115949.917:ERROR:process_memory_win.cc(73)] ReadMemory at 0xd7732b7000 of 6024 bytes failed: Only part of a ReadProcessMemory or WriteProcessMemory request was completed. (0x12B)
[1105/115949.918:ERROR:process_memory_win.cc(73)] ReadMemory at 0xd7732b9000 of 6024 bytes failed: Only part of a ReadProcessMemory or WriteProcessMemory request was completed. (0x12B)
[1105/115949.918:ERROR:process_memory_win.cc(73)] ReadMemory at 0xd7732bb000 of 6024 bytes failed: Only part of a ReadProcessMemory or WriteProcessMemory request was completed. (0x12B)
[1105/115949.918:ERROR:process_memory_win.cc(73)] ReadMemory at 0xd7732bd000 of 6024 bytes failed: Only part of a ReadProcessMemory or WriteProcessMemory request was completed. (0x12B)
[1105/115949.918:ERROR:process_memory_win.cc(73)] ReadMemory at 0xd7732bf000 of 6024 bytes failed: Only part of a ReadProcessMemory or WriteProcessMemory request was completed. (0x12B)
[1105/115949.918:ERROR:process_memory_win.cc(73)] ReadMemory at 0xd7732c1000 of 6024 bytes failed: Only part of a ReadProcessMemory or WriteProcessMemory request was completed. (0x12B)
[1105/115949.918:ERROR:process_memory_win.cc(73)] ReadMemory at 0xd7732c3000 of 6024 bytes failed: Only part of a ReadProcessMemory or WriteProcessMemory request was completed. (0x12B)
[1105/115949.919:ERROR:process_memory_win.cc(73)] ReadMemory at 0xd7732c5000 of 6024 bytes failed: Only part of a ReadProcessMemory or WriteProcessMemory request was completed. (0x12B)
[1105/115949.919:ERROR:process_memory_win.cc(73)] ReadMemory at 0xd7732c7000 of 6024 bytes failed: Only part of a ReadProcessMemory or WriteProcessMemory request was completed. (0x12B)
[1105/115949.919:ERROR:process_memory_win.cc(73)] ReadMemory at 0x2c429620ca0 of 512 bytes failed: Only part of a ReadProcessMemory or WriteProcessMemory request was completed. (0x12B)
[1105/115949.919:ERROR:process_memory_win.cc(73)] ReadMemory at 0x2c429660000 of 384 bytes failed: Only part of a ReadProcessMemory or WriteProcessMemory request was completed. (0x12B)
[1105/115949.919:ERROR:process_memory_win.cc(73)] ReadMemory at 0x2c429660fe0 of 22242 bytes failed: Only part of a ReadProcessMemory or WriteProcessMemory request was completed. (0x12B)
[1105/115949.919:ERROR:process_memory_win.cc(73)] ReadMemory at 0x2c4296666d0 of 1012 bytes failed: Only part of a ReadProcessMemory or WriteProcessMemory request was completed. (0x12B)
[1105/115949.919:ERROR:process_memory_win.cc(73)] ReadMemory at 0x2c429666d18 of 118 bytes failed: Only part of a ReadProcessMemory or WriteProcessMemory request was completed. (0x12B)
[1105/115949.920:ERROR:process_memory_win.cc(73)] ReadMemory at 0x2c429666d90 of 716 bytes failed: Only part of a ReadProcessMemory or WriteProcessMemory request was completed. (0x12B)
[1105/115949.920:ERROR:process_memory_win.cc(73)] ReadMemory at 0x2c42966705e of 118 bytes failed: Only part of a ReadProcessMemory or WriteProcessMemory request was completed. (0x12B)
[1105/115949.920:ERROR:process_memory_win.cc(73)] ReadMemory at 0x2c4296670d6 of 102 bytes failed: Only part of a ReadProcessMemory or WriteProcessMemory request was completed. (0x12B)
[1105/115949.920:ERROR:process_memory_win.cc(73)] ReadMemory at 0x2c429667150 of 58 bytes failed: Only part of a ReadProcessMemory or WriteProcessMemory request was completed. (0x12B)
[1105/115949.920:ERROR:process_memory_win.cc(73)] ReadMemory at 0x2c429667250 of 132 bytes failed: Only part of a ReadProcessMemory or WriteProcessMemory request was completed. (0x12B)
[1105/115949.920:ERROR:process_memory_win.cc(73)] ReadMemory at 0x2c4296673e0 of 132 bytes failed: Only part of a ReadProcessMemory or WriteProcessMemory request was completed. (0x12B)
[1105/115949.920:ERROR:process_memory_win.cc(73)] ReadMemory at 0x2c4296675a0 of 126 bytes failed: Only part of a ReadProcessMemory or WriteProcessMemory request was completed. (0x12B)
[1105/115949.920:ERROR:process_memory_win.cc(73)] ReadMemory at 0x2c429667aa0 of 132 bytes failed: Only part of a ReadProcessMemory or WriteProcessMemory request was completed. (0x12B)
[1105/115949.920:ERROR:process_memory_win.cc(73)] ReadMemory at 0x2c429667c30 of 64 bytes failed: Only part of a ReadProcessMemory or WriteProcessMemory request was completed. (0x12B)
[1105/115949.920:ERROR:process_memory_win.cc(73)] ReadMemory at 0x2c429667df0 of 132 bytes failed: Only part of a ReadProcessMemory or WriteProcessMemory request was completed. (0x12B)
[1105/115949.920:ERROR:process_memory_win.cc(73)] ReadMemory at 0x2c429668090 of 132 bytes failed: Only part of a ReadProcessMemory or WriteProcessMemory request was completed. (0x12B)
[1105/115949.921:ERROR:process_memory_win.cc(73)] ReadMemory at 0x2c429668220 of 68 bytes failed: Only part of a ReadProcessMemory or WriteProcessMemory request was completed. (0x12B)
[1105/115949.921:ERROR:process_memory_win.cc(73)] ReadMemory at 0x2c4296692d0 of 132 bytes failed: Only part of a ReadProcessMemory or WriteProcessMemory request was completed. (0x12B)
[1105/115949.921:ERROR:process_memory_win.cc(73)] ReadMemory at 0x2c429669460 of 154 bytes failed: Only part of a ReadProcessMemory or WriteProcessMemory request was completed. (0x12B)
[1105/115949.921:ERROR:process_memory_win.cc(73)] ReadMemory at 0x2c42966bbb0 of 62 bytes failed: Only part of a ReadProcessMemory or WriteProcessMemory request was completed. (0x12B)
[1105/115949.921:ERROR:process_memory_win.cc(73)] ReadMemory at 0x2c42966bce0 of 132 bytes failed: Only part of a ReadProcessMemory or WriteProcessMemory request was completed. (0x12B)
[1105/115949.921:ERROR:process_memory_win.cc(73)] ReadMemory at 0x2c42966be70 of 60 bytes failed: Only part of a ReadProcessMemory or WriteProcessMemory request was completed. (0x12B)
[1105/115949.921:ERROR:process_memory_win.cc(73)] ReadMemory at 0x2c42967c220 of 54 bytes failed: Only part of a ReadProcessMemory or WriteProcessMemory request was completed. (0x12B)
[1105/115949.921:ERROR:process_memory_win.cc(73)] ReadMemory at 0x2c42967d9d0 of 80 bytes failed: Only part of a ReadProcessMemory or WriteProcessMemory request was completed. (0x12B)
[1105/115949.921:ERROR:process_memory_win.cc(73)] ReadMemory at 0x2c42967dd30 of 76 bytes failed: Only part of a ReadProcessMemory or WriteProcessMemory request was completed. (0x12B)
[1105/115949.921:ERROR:process_memory_win.cc(73)] ReadMemory at 0x2c42967e210 of 80 bytes failed: Only part of a ReadProcessMemory or WriteProcessMemory request was completed. (0x12B)
[1105/115949.921:ERROR:process_memory_win.cc(73)] ReadMemory at 0x2c429681190 of 132 bytes failed: Only part of a ReadProcessMemory or WriteProcessMemory request was completed. (0x12B)
[1105/115949.921:ERROR:process_memory_win.cc(73)] ReadMemory at 0x2c429681ec0 of 132 bytes failed: Only part of a ReadProcessMemory or WriteProcessMemory request was completed. (0x12B)
[1105/115949.922:ERROR:process_memory_win.cc(73)] ReadMemory at 0x2c429682000 of 132 bytes failed: Only part of a ReadProcessMemory or WriteProcessMemory request was completed. (0x12B)
[1105/115949.922:ERROR:process_memory_win.cc(73)] ReadMemory at 0x2c4296822b0 of 132 bytes failed: Only part of a ReadProcessMemory or WriteProcessMemory request was completed. (0x12B)
[1105/115949.922:ERROR:process_memory_win.cc(73)] ReadMemory at 0x2c429682510 of 132 bytes failed: Only part of a ReadProcessMemory or WriteProcessMemory request was completed. (0x12B)
[1105/115949.922:ERROR:process_memory_win.cc(73)] ReadMemory at 0x2c429682640 of 132 bytes failed: Only part of a ReadProcessMemory or WriteProcessMemory request was completed. (0x12B)
[1105/115949.922:ERROR:process_memory_win.cc(73)] ReadMemory at 0x2c4296828a0 of 132 bytes failed: Only part of a ReadProcessMemory or WriteProcessMemory request was completed. (0x12B)
[1105/115949.922:ERROR:process_memory_win.cc(73)] ReadMemory at 0x2c4296829d0 of 132 bytes failed: Only part of a ReadProcessMemory or WriteProcessMemory request was completed. (0x12B)
[1105/115949.922:ERROR:process_memory_win.cc(73)] ReadMemory at 0x2c429682b00 of 132 bytes failed: Only part of a ReadProcessMemory or WriteProcessMemory request was completed. (0x12B)
[1105/115949.922:ERROR:process_memory_win.cc(73)] ReadMemory at 0x2c429682c30 of 132 bytes failed: Only part of a ReadProcessMemory or WriteProcessMemory request was completed. (0x12B)
[1105/115949.922:ERROR:process_memory_win.cc(73)] ReadMemory at 0x2c429682d60 of 132 bytes failed: Only part of a ReadProcessMemory or WriteProcessMemory request was completed. (0x12B)
[1105/115949.922:ERROR:process_memory_win.cc(73)] ReadMemory at 0x2c429682e90 of 132 bytes failed: Only part of a ReadProcessMemory or WriteProcessMemory request was completed. (0x12B)
[1105/115949.923:ERROR:process_memory_win.cc(73)] ReadMemory at 0x2c4296830f0 of 132 bytes failed: Only part of a ReadProcessMemory or WriteProcessMemory request was completed. (0x12B)
[1105/115949.923:ERROR:process_memory_win.cc(73)] ReadMemory at 0x2c429683220 of 132 bytes failed: Only part of a ReadProcessMemory or WriteProcessMemory request was completed. (0x12B)
[1105/115949.923:ERROR:process_memory_win.cc(73)] ReadMemory at 0x2c429683350 of 132 bytes failed: Only part of a ReadProcessMemory or WriteProcessMemory request was completed. (0x12B)
[1105/115949.923:ERROR:process_memory_win.cc(73)] ReadMemory at 0x2c429683940 of 132 bytes failed: Only part of a ReadProcessMemory or WriteProcessMemory request was completed. (0x12B)
[1105/115949.923:ERROR:process_memory_win.cc(73)] ReadMemory at 0x2c429683ba0 of 132 bytes failed: Only part of a ReadProcessMemory or WriteProcessMemory request was completed. (0x12B)
[1105/115949.923:ERROR:process_memory_win.cc(73)] ReadMemory at 0x2c429683cd0 of 132 bytes failed: Only part of a ReadProcessMemory or WriteProcessMemory request was completed. (0x12B)
[1105/115949.923:ERROR:process_memory_win.cc(73)] ReadMemory at 0x2c429683e00 of 132 bytes failed: Only part of a ReadProcessMemory or WriteProcessMemory request was completed. (0x12B)
[1105/115949.923:ERROR:process_memory_win.cc(73)] ReadMemory at 0x2c429683f30 of 132 bytes failed: Only part of a ReadProcessMemory or WriteProcessMemory request was completed. (0x12B)
[1105/115949.923:ERROR:process_memory_win.cc(73)] ReadMemory at 0x2c429685770 of 132 bytes failed: Only part of a ReadProcessMemory or WriteProcessMemory request was completed. (0x12B)
[1105/115949.923:ERROR:process_memory_win.cc(73)] ReadMemory at 0x2c429687fb0 of 132 bytes failed: Only part of a ReadProcessMemory or WriteProcessMemory request was completed. (0x12B)
[1105/115949.923:ERROR:process_memory_win.cc(73)] ReadMemory at 0x2c4296882d0 of 132 bytes failed: Only part of a ReadProcessMemory or WriteProcessMemory request was completed. (0x12B)
[1105/115949.923:ERROR:process_memory_win.cc(73)] ReadMemory at 0x2c429688620 of 132 bytes failed: Only part of a ReadProcessMemory or WriteProcessMemory request was completed. (0x12B)
[1105/115949.923:ERROR:process_memory_win.cc(73)] ReadMemory at 0x2c429688750 of 132 bytes failed: Only part of a ReadProcessMemory or WriteProcessMemory request was completed. (0x12B)
[1105/115949.923:ERROR:process_memory_win.cc(73)] ReadMemory at 0x2c429688880 of 132 bytes failed: Only part of a ReadProcessMemory or WriteProcessMemory request was completed. (0x12B)
[1105/115949.923:ERROR:process_memory_win.cc(73)] ReadMemory at 0x2c4296889b0 of 132 bytes failed: Only part of a ReadProcessMemory or WriteProcessMemory request was completed. (0x12B)
[1105/115949.923:ERROR:process_memory_win.cc(73)] ReadMemory at 0x2c429688ae0 of 132 bytes failed: Only part of a ReadProcessMemory or WriteProcessMemory request was completed. (0x12B)
[1105/115949.923:ERROR:process_memory_win.cc(73)] ReadMemory at 0x2c429688c10 of 132 bytes failed: Only part of a ReadProcessMemory or WriteProcessMemory request was completed. (0x12B)
[1105/115949.923:ERROR:process_memory_win.cc(73)] ReadMemory at 0x2c42968a010 of 132 bytes failed: Only part of a ReadProcessMemory or WriteProcessMemory request was completed. (0x12B)
[1105/115949.923:ERROR:process_memory_win.cc(73)] ReadMemory at 0x2c42968a2a0 of 62 bytes failed: Only part of a ReadProcessMemory or WriteProcessMemory request was completed. (0x12B)
[1105/115949.924:ERROR:process_memory_win.cc(73)] ReadMemory at 0x2c42968a340 of 66 bytes failed: Only part of a ReadProcessMemory or WriteProcessMemory request was completed. (0x12B)
[1105/115949.924:ERROR:process_memory_win.cc(73)] ReadMemory at 0x2c42968a3e0 of 64 bytes failed: Only part of a ReadProcessMemory or WriteProcessMemory request was completed. (0x12B)
[1105/115949.924:ERROR:process_memory_win.cc(73)] ReadMemory at 0x2c42968a430 of 62 bytes failed: Only part of a ReadProcessMemory or WriteProcessMemory request was completed. (0x12B)
[1105/115949.924:ERROR:process_memory_win.cc(73)] ReadMemory at 0x2c42968a480 of 62 bytes failed: Only part of a ReadProcessMemory or WriteProcessMemory request was completed. (0x12B)
[1105/115949.924:ERROR:process_memory_win.cc(73)] ReadMemory at 0x2c42968a520 of 58 bytes failed: Only part of a ReadProcessMemory or WriteProcessMemory request was completed. (0x12B)
[1105/115949.924:ERROR:process_memory_win.cc(73)] ReadMemory at 0x2c42968a570 of 64 bytes failed: Only part of a ReadProcessMemory or WriteProcessMemory request was completed. (0x12B)
[1105/115949.924:ERROR:process_memory_win.cc(73)] ReadMemory at 0x2c42968a6b0 of 60 bytes failed: Only part of a ReadProcessMemory or WriteProcessMemory request was completed. (0x12B)
[1105/115949.924:ERROR:process_memory_win.cc(73)] ReadMemory at 0x2c42968a7a0 of 62 bytes failed: Only part of a ReadProcessMemory or WriteProcessMemory request was completed. (0x12B)
[1105/115949.924:ERROR:process_memory_win.cc(73)] ReadMemory at 0x2c42968a840 of 64 bytes failed: Only part of a ReadProcessMemory or WriteProcessMemory request was completed. (0x12B)
[1105/115949.924:ERROR:process_memory_win.cc(73)] ReadMemory at 0x2c42968a890 of 62 bytes failed: Only part of a ReadProcessMemory or WriteProcessMemory request was completed. (0x12B)
[1105/115949.924:ERROR:process_memory_win.cc(73)] ReadMemory at 0x2c42968a930 of 62 bytes failed: Only part of a ReadProcessMemory or WriteProcessMemory request was completed. (0x12B)
[1105/115949.924:ERROR:process_memory_win.cc(73)] ReadMemory at 0x2c42968a9d0 of 64 bytes failed: Only part of a ReadProcessMemory or WriteProcessMemory request was completed. (0x12B)
[1105/115949.924:ERROR:process_memory_win.cc(73)] ReadMemory at 0x2c42968aa20 of 64 bytes failed: Only part of a ReadProcessMemory or WriteProcessMemory request was completed. (0x12B)
[1105/115949.924:ERROR:process_memory_win.cc(73)] ReadMemory at 0x2c42968aa70 of 64 bytes failed: Only part of a ReadProcessMemory or WriteProcessMemory request was completed. (0x12B)
[1105/115949.924:ERROR:process_memory_win.cc(73)] ReadMemory at 0x2c42968aac0 of 64 bytes failed: Only part of a ReadProcessMemory or WriteProcessMemory request was completed. (0x12B)
[1105/115949.924:ERROR:process_memory_win.cc(73)] ReadMemory at 0x2c42968abb0 of 60 bytes failed: Only part of a ReadProcessMemory or WriteProcessMemory request was completed. (0x12B)
[1105/115949.924:ERROR:process_memory_win.cc(73)] ReadMemory at 0x2c42968ac50 of 60 bytes failed: Only part of a ReadProcessMemory or WriteProcessMemory request was completed. (0x12B)
[1105/115949.924:ERROR:process_memory_win.cc(73)] ReadMemory at 0x2c42968aca0 of 66 bytes failed: Only part of a ReadProcessMemory or WriteProcessMemory request was completed. (0x12B)
[1105/115949.925:ERROR:process_memory_win.cc(73)] ReadMemory at 0x2c42968acf0 of 60 bytes failed: Only part of a ReadProcessMemory or WriteProcessMemory request was completed. (0x12B)
[1105/115949.925:ERROR:process_memory_win.cc(73)] ReadMemory at 0x2c42968aed0 of 64 bytes failed: Only part of a ReadProcessMemory or WriteProcessMemory request was completed. (0x12B)
[1105/115949.925:ERROR:process_memory_win.cc(73)] ReadMemory at 0x2c42968af20 of 62 bytes failed: Only part of a ReadProcessMemory or WriteProcessMemory request was completed. (0x12B)
[1105/115949.925:ERROR:process_memory_win.cc(73)] ReadMemory at 0x2c42968af70 of 62 bytes failed: Only part of a ReadProcessMemory or WriteProcessMemory request was completed. (0x12B)
[1105/115949.925:ERROR:process_memory_win.cc(73)] ReadMemory at 0x2c42968b010 of 60 bytes failed: Only part of a ReadProcessMemory or WriteProcessMemory request was completed. (0x12B)
[1105/115949.925:ERROR:process_memory_win.cc(73)] ReadMemory at 0x2c42968b060 of 62 bytes failed: Only part of a ReadProcessMemory or WriteProcessMemory request was completed. (0x12B)
[1105/115949.925:ERROR:process_memory_win.cc(73)] ReadMemory at 0x2c42968b150 of 60 bytes failed: Only part of a ReadProcessMemory or WriteProcessMemory request was completed. (0x12B)
[1105/115949.925:ERROR:process_memory_win.cc(73)] ReadMemory at 0x2c42968b1a0 of 62 bytes failed: Only part of a ReadProcessMemory or WriteProcessMemory request was completed. (0x12B)
[1105/115949.925:ERROR:process_memory_win.cc(73)] ReadMemory at 0x2c42968b3f0 of 132 bytes failed: Only part of a ReadProcessMemory or WriteProcessMemory request was completed. (0x12B)
[1105/115949.925:ERROR:process_memory_win.cc(73)] ReadMemory at 0x2c42968b520 of 146 bytes failed: Only part of a ReadProcessMemory or WriteProcessMemory request was completed. (0x12B)
[1105/115949.925:ERROR:process_memory_win.cc(73)] ReadMemory at 0x2c42968d820 of 132 bytes failed: Only part of a ReadProcessMemory or WriteProcessMemory request was completed. (0x12B)
[1105/115949.925:ERROR:process_memory_win.cc(73)] ReadMemory at 0x2c4296df260 of 512 bytes failed: Only part of a ReadProcessMemory or WriteProcessMemory request was completed. (0x12B)
[1105/115949.925:ERROR:process_memory_win.cc(73)] ReadMemory at 0x2c4296f0db0 of 512 bytes failed: Only part of a ReadProcessMemory or WriteProcessMemory request was completed. (0x12B)
[1105/115949.925:ERROR:process_memory_win.cc(73)] ReadMemory at 0x2c4296f4b00 of 512 bytes failed: Only part of a ReadProcessMemory or WriteProcessMemory request was completed. (0x12B)
[1105/115949.925:ERROR:process_memory_win.cc(73)] ReadMemory at 0x2c4296f8940 of 512 bytes failed: Only part of a ReadProcessMemory or WriteProcessMemory request was completed. (0x12B)
[1105/115949.925:ERROR:process_memory_win.cc(73)] ReadMemory at 0x2c4296f91c0 of 512 bytes failed: Only part of a ReadProcessMemory or WriteProcessMemory request was completed. (0x12B)
[1105/115949.925:ERROR:process_memory_win.cc(73)] ReadMemory at 0x2c4296f97c0 of 512 bytes failed: Only part of a ReadProcessMemory or WriteProcessMemory request was completed. (0x12B)
[1105/115949.926:ERROR:process_memory_win.cc(73)] ReadMemory at 0x2c429702a70 of 624 bytes failed: Only part of a ReadProcessMemory or WriteProcessMemory request was completed. (0x12B)
[1105/115949.926:ERROR:process_memory_win.cc(73)] ReadMemory at 0x2c42971b0c0 of 512 bytes failed: Only part of a ReadProcessMemory or WriteProcessMemory request was completed. (0x12B)
[1105/115949.926:ERROR:process_memory_win.cc(73)] ReadMemory at 0x2c42971e8e0 of 512 bytes failed: Only part of a ReadProcessMemory or WriteProcessMemory request was completed. (0x12B)
[1105/115949.926:ERROR:process_memory_win.cc(73)] ReadMemory at 0x2c42973c850 of 688 bytes failed: Only part of a ReadProcessMemory or WriteProcessMemory request was completed. (0x12B)
[1105/115949.926:ERROR:process_memory_win.cc(73)] ReadMemory at 0x2c429758628 of 512 bytes failed: Only part of a ReadProcessMemory or WriteProcessMemory request was completed. (0x12B)
[1105/115949.926:ERROR:process_memory_win.cc(73)] ReadMemory at 0x2c429759181 of 735 bytes failed: Only part of a ReadProcessMemory or WriteProcessMemory request was completed. (0x12B)
[1105/115949.926:ERROR:process_memory_win.cc(73)] ReadMemory at 0x2c42afd0000 of 384 bytes failed: Only part of a ReadProcessMemory or WriteProcessMemory request was completed. (0x12B)
[1105/115949.926:ERROR:process_memory_win.cc(73)] ReadMemory at 0x2c42afd3640 of 512 bytes failed: Only part of a ReadProcessMemory or WriteProcessMemory request was completed. (0x12B)
[1105/115949.926:ERROR:process_memory_win.cc(73)] ReadMemory at 0x2c42afd4ec0 of 512 bytes failed: Only part of a ReadProcessMemory or WriteProcessMemory request was completed. (0x12B)
[1105/115949.926:ERROR:process_memory_win.cc(73)] ReadMemory at 0x2c42b018b20 of 512 bytes failed: Only part of a ReadProcessMemory or WriteProcessMemory request was completed. (0x12B)
[1105/115949.926:ERROR:process_memory_win.cc(73)] ReadMemory at 0x2c42b021bf0 of 512 bytes failed: Only part of a ReadProcessMemory or WriteProcessMemory request was completed. (0x12B)
[1105/115949.926:ERROR:process_memory_win.cc(73)] ReadMemory at 0x2c42b1543b0 of 598 bytes failed: Only part of a ReadProcessMemory or WriteProcessMemory request was completed. (0x12B)
[1105/115949.926:ERROR:process_memory_win.cc(73)] ReadMemory at 0x7ffcd8207720 of 512 bytes failed: Only part of a ReadProcessMemory or WriteProcessMemory request was completed. (0x12B)
[1105/115949.926:ERROR:process_memory_win.cc(73)] ReadMemory at 0x7ffcdd27da70 of 512 bytes failed: Only part of a ReadProcessMemory or WriteProcessMemory request was completed. (0x12B)
[1105/115949.926:ERROR:process_memory_win.cc(73)] ReadMemory at 0x7ffd02445810 of 512 bytes failed: Only part of a ReadProcessMemory or WriteProcessMemory request was completed. (0x12B)
[1105/115949.926:ERROR:process_memory_win.cc(73)] ReadMemory at 0x7ffd02445ed7 of 512 bytes failed: Only part of a ReadProcessMemory or WriteProcessMemory request was completed. (0x12B)
[1105/115949.926:ERROR:process_memory_win.cc(73)] ReadMemory at 0x7ffd27051f80 of 512 bytes failed: Only part of a ReadProcessMemory or WriteProcessMemory request was completed. (0x12B)
[1105/115949.926:ERROR:process_memory_win.cc(73)] ReadMemory at 0x7ffd28c0ce30 of 512 bytes failed: Only part of a ReadProcessMemory or WriteProcessMemory request was completed. (0x12B)
[1105/115949.927:ERROR:process_memory_win.cc(73)] ReadMemory at 0x7ffd28c3c0c4 of 672 bytes failed: Only part of a ReadProcessMemory or WriteProcessMemory request was completed. (0x12B)
[1105/115949.927:ERROR:process_memory_win.cc(73)] ReadMemory at 0x7ffd28c3d7d4 of 512 bytes failed: Only part of a ReadProcessMemory or WriteProcessMemory request was completed. (0x12B)
[1105/115949.927:ERROR:process_memory_win.cc(73)] ReadMemory at 0x7ffd28c3f974 of 608 bytes failed: Only part of a ReadProcessMemory or WriteProcessMemory request was completed. (0x12B)
[1105/115949.927:ERROR:process_memory_win.cc(73)] ReadMemory at 0x7ffd28ccc428 of 18 bytes failed: Only part of a ReadProcessMemory or WriteProcessMemory request was completed. (0x12B)
[1105/115949.927:ERROR:process_memory_win.cc(73)] ReadMemory at 0x7ffd28cff4f8 of 40 bytes failed: Only part of a ReadProcessMemory or WriteProcessMemory request was completed. (0x12B)
[1105/115949.927:ERROR:process_memory_win.cc(73)] ReadMemory at 0x7ffd28cff978 of 48 bytes failed: Only part of a ReadProcessMemory or WriteProcessMemory request was completed. (0x12B)
[1105/115949.927:ERROR:process_memory_win.cc(73)] ReadMemory at 0x7ffd28d053c0 of 64 bytes failed: Only part of a ReadProcessMemory or WriteProcessMemory request was completed. (0x12B)
[1105/115949.928:ERROR:scoped_process_suspend.cc(40)] NtResumeProcess: An attempt was made to access an exiting process. (0xc000010a)
[1105/132425.948:ERROR:directory_reader_win.cc(43)] FindFirstFile: The system cannot find the path specified. (0x3)
[1108/234004.085:ERROR:directory_reader_win.cc(43)] FindFirstFile: The system cannot find the path specified. (0x3)
[1109/174100.377:ERROR:directory_reader_win.cc(43)] FindFirstFile: The system cannot find the path specified. (0x3)
